<?xml version="1.0" encoding="UTF-8"?>
<!-- Generated by org.testng.reporters.JUnitXMLReporter -->
<testsuite hostname="LAPTOP-08Q2RNOV" failures="0" tests="13" name="Surefire test" time="0.044" errors="0" timestamp="29 Jul 2023 17:31:16 GMT">
  <testcase classname="com.norton.qa.tests.AccountPageTest" name="@BeforeTest setup" time="0.0">
    <failure type="java.lang.NullPointerException" message="Cannot invoke &amp;quot;String.trim()&amp;quot; because the return value of &amp;quot;java.util.Properties.getProperty(String)&amp;quot; is null">
      <![CDATA[java.lang.NullPointerException: Cannot invoke "String.trim()" because the return value of "java.util.Properties.getProperty(String)" is null
	at com.norton.qa.factory.DriverFactory.initDriver(DriverFactory.java:30)
	at com.norton.qa.tests.BaseTest.setup(BaseTest.java:37)
... Removed 25 stack frames]]>
    </failure>
  </testcase> <!-- @BeforeTest setup -->
  <testcase classname="com.norton.qa.tests.AccountPageTest" name="@BeforeClass AccountPageSetup" time="0.0">
    <skipped/>
  </testcase> <!-- @BeforeClass AccountPageSetup -->
  <testcase classname="com.norton.qa.tests.RegistrationTest" name="@BeforeClass setupRegistration" time="0.0">
    <skipped/>
  </testcase> <!-- @BeforeClass setupRegistration -->
  <testcase classname="com.norton.qa.tests.AccountPageTest" name="@AfterTest teardown" time="0.0">
    <skipped/>
  </testcase> <!-- @AfterTest teardown -->
  <testcase classname="com.norton.qa.tests.AccountPageTest" name="AccountPageTitleTest" time="0.001">
    <skipped/>
  </testcase> <!-- AccountPageTitleTest -->
  <testcase classname="com.norton.qa.tests.LoginPageTest" name="LoginPageTitleTest" time="0.0">
    <skipped/>
  </testcase> <!-- LoginPageTitleTest -->
  <testcase classname="com.norton.qa.tests.AccountPageTest" name="AccountPageHeaderTitleTest" time="0.0">
    <skipped/>
  </testcase> <!-- AccountPageHeaderTitleTest -->
  <testcase classname="com.norton.qa.tests.LoginPageTest" name="LoginPageUrlTest" time="0.0">
    <skipped/>
  </testcase> <!-- LoginPageUrlTest -->
  <testcase classname="com.norton.qa.tests.AccountPageTest" name="isLogoutLinkExistTest" time="0.0">
    <skipped/>
  </testcase> <!-- isLogoutLinkExistTest -->
  <testcase classname="com.norton.qa.tests.LoginPageTest" name="isForgotPwdLinkExistsTest" time="0.0">
    <skipped/>
  </testcase> <!-- isForgotPwdLinkExistsTest -->
  <testcase classname="com.norton.qa.tests.AccountPageTest" name="isManageSubscriptionLinkExisteTest" time="0.0">
    <skipped/>
  </testcase> <!-- isManageSubscriptionLinkExisteTest -->
  <testcase classname="com.norton.qa.tests.LoginPageTest" name="isRegisterAccountLinkExistsTest" time="0.0">
    <skipped/>
  </testcase> <!-- isRegisterAccountLinkExistsTest -->
  <testcase classname="com.norton.qa.tests.AccountPageTest" name="isViewAddressLinkExisteTest" time="0.0">
    <skipped/>
  </testcase> <!-- isViewAddressLinkExisteTest -->
  <testcase classname="com.norton.qa.tests.LoginPageTest" name="doLoginTest" time="0.0">
    <skipped/>
  </testcase> <!-- doLoginTest -->
  <testcase classname="com.norton.qa.tests.AccountPageTest" name="issearchfieldExistTest" time="0.001">
    <skipped/>
  </testcase> <!-- issearchfieldExistTest -->
  <testcase classname="com.norton.qa.tests.AccountPageTest" name="dosearchTest" time="0.0">
    <skipped/>
  </testcase> <!-- dosearchTest -->
  <testcase classname="com.norton.qa.tests.RegistrationTest" name="userRegistrationPageTest" time="0.0">
    <skipped/>
  </testcase> <!-- userRegistrationPageTest -->
</testsuite> <!-- Surefire test -->
