<?xml version="1.0" encoding="UTF-8"?>
<!-- Generated by org.testng.reporters.JUnitXMLReporter -->
<testsuite hostname="LAPTOP-08Q2RNOV" failures="0" tests="5" name="Login page Test_chrome" time="0.072" errors="0" timestamp="29 Jul 2023 18:06:56 GMT">
  <testcase classname="com.norton.qa.tests.LoginPageTest" name="@BeforeTest setup" time="0.0">
    <failure type="java.lang.NullPointerException" message="Cannot invoke &amp;quot;String.trim()&amp;quot; because the return value of &amp;quot;java.util.Properties.getProperty(String)&amp;quot; is null">
      <![CDATA[java.lang.NullPointerException: Cannot invoke "String.trim()" because the return value of "java.util.Properties.getProperty(String)" is null
	at com.norton.qa.factory.DriverFactory.initDriver(DriverFactory.java:30)
	at com.norton.qa.tests.BaseTest.setup(BaseTest.java:37)
	at java.base/jdk.internal.reflect.NativeMethodAccessorImpl.invoke0(Native Method)
	at java.base/jdk.internal.reflect.NativeMethodAccessorImpl.invoke(NativeMethodAccessorImpl.java:77)
	at java.base/jdk.internal.reflect.DelegatingMethodAccessorImpl.invoke(DelegatingMethodAccessorImpl.java:43)
	at java.base/java.lang.reflect.Method.invoke(Method.java:568)
	at org.testng.internal.MethodInvocationHelper.invokeMethod(MethodInvocationHelper.java:86)
	at org.testng.internal.Invoker.invokeConfigurationMethod(Invoker.java:514)
	at org.testng.internal.Invoker.invokeConfigurations(Invoker.java:215)
	at org.testng.internal.Invoker.invokeConfigurations(Invoker.java:142)
	at org.testng.TestRunner.beforeRun(TestRunner.java:656)
	at org.testng.TestRunner.run(TestRunner.java:624)
	at org.testng.SuiteRunner.runTest(SuiteRunner.java:366)
	at org.testng.SuiteRunner.access$000(SuiteRunner.java:39)
	at org.testng.SuiteRunner$SuiteWorker.run(SuiteRunner.java:400)
	at org.testng.internal.thread.ThreadUtil$2.call(ThreadUtil.java:64)
	at java.base/java.util.concurrent.FutureTask.run(FutureTask.java:264)
	at java.base/java.util.concurrent.ThreadPoolExecutor.runWorker(ThreadPoolExecutor.java:1136)
	at java.base/java.util.concurrent.ThreadPoolExecutor$Worker.run(ThreadPoolExecutor.java:635)
	at java.base/java.lang.Thread.run(Thread.java:833)
]]>
    </failure>
  </testcase> <!-- @BeforeTest setup -->
  <testcase classname="com.norton.qa.tests.LoginPageTest" name="@AfterTest teardown" time="0.0">
    <skipped/>
  </testcase> <!-- @AfterTest teardown -->
  <testcase classname="com.norton.qa.tests.LoginPageTest" name="LoginPageTitleTest" time="0.001">
    <skipped/>
  </testcase> <!-- LoginPageTitleTest -->
  <testcase classname="com.norton.qa.tests.LoginPageTest" name="LoginPageUrlTest" time="0.001">
    <skipped/>
  </testcase> <!-- LoginPageUrlTest -->
  <testcase classname="com.norton.qa.tests.LoginPageTest" name="isForgotPwdLinkExistsTest" time="0.001">
    <skipped/>
  </testcase> <!-- isForgotPwdLinkExistsTest -->
  <testcase classname="com.norton.qa.tests.LoginPageTest" name="isRegisterAccountLinkExistsTest" time="0.001">
    <skipped/>
  </testcase> <!-- isRegisterAccountLinkExistsTest -->
  <testcase classname="com.norton.qa.tests.LoginPageTest" name="doLoginTest" time="0.001">
    <skipped/>
  </testcase> <!-- doLoginTest -->
</testsuite> <!-- Login page Test_chrome -->
