-------------------------------------------------------------------------------
Test set: TestSuite
-------------------------------------------------------------------------------
Tests run: 17, Failures: 1, Errors: 0, Skipped: 16, Time elapsed: 0.443 s <<< FAILURE! - in TestSuite
setup(com.norton.qa.tests.AccountPageTest)  Time elapsed: 0.279 s  <<< FAILURE!
java.lang.NullPointerException: Cannot invoke "String.trim()" because the return value of "java.util.Properties.getProperty(String)" is null

