<?xml version="1.0" encoding="UTF-8"?>
<testng-results total="13" passed="0" failed="0" skipped="13">
  <reporter-output>
  </reporter-output>
  <suite started-at="2023-07-29T17:31:16Z" name="Surefire suite" finished-at="2023-07-29T17:31:16Z" duration-ms="44">
    <groups>
    </groups>
    <test started-at="2023-07-29T17:31:16Z" name="Surefire test" finished-at="2023-07-29T17:31:16Z" duration-ms="44">
      <class name="com.norton.qa.tests.LoginPageTest">
        <test-method signature="LoginPageUrlTest()[pri:2, instance:com.norton.qa.tests.LoginPageTest@120d6fe6]" started-at="2023-07-29T13:31:16Z" name="LoginPageUrlTest" finished-at="2023-07-29T13:31:16Z" duration-ms="0" status="SKIP">
          <reporter-output>
          </reporter-output>
        </test-method> <!-- LoginPageUrlTest -->
        <test-method signature="LoginPageTitleTest()[pri:1, instance:com.norton.qa.tests.LoginPageTest@120d6fe6]" started-at="2023-07-29T13:31:16Z" name="LoginPageTitleTest" finished-at="2023-07-29T13:31:16Z" duration-ms="0" status="SKIP">
          <reporter-output>
          </reporter-output>
        </test-method> <!-- LoginPageTitleTest -->
        <test-method signature="isForgotPwdLinkExistsTest()[pri:3, instance:com.norton.qa.tests.LoginPageTest@120d6fe6]" started-at="2023-07-29T13:31:16Z" name="isForgotPwdLinkExistsTest" finished-at="2023-07-29T13:31:16Z" duration-ms="0" status="SKIP">
          <reporter-output>
          </reporter-output>
        </test-method> <!-- isForgotPwdLinkExistsTest -->
        <test-method signature="isRegisterAccountLinkExistsTest()[pri:4, instance:com.norton.qa.tests.LoginPageTest@120d6fe6]" started-at="2023-07-29T13:31:16Z" name="isRegisterAccountLinkExistsTest" finished-at="2023-07-29T13:31:16Z" duration-ms="0" status="SKIP">
          <reporter-output>
          </reporter-output>
        </test-method> <!-- isRegisterAccountLinkExistsTest -->
        <test-method signature="doLoginTest()[pri:5, instance:com.norton.qa.tests.LoginPageTest@120d6fe6]" started-at="2023-07-29T13:31:16Z" name="doLoginTest" finished-at="2023-07-29T13:31:16Z" duration-ms="0" status="SKIP">
          <reporter-output>
          </reporter-output>
        </test-method> <!-- doLoginTest -->
      </class> <!-- com.norton.qa.tests.LoginPageTest -->
      <class name="com.norton.qa.tests.AccountPageTest">
        <test-method is-config="true" signature="setup()[pri:0, instance:com.norton.qa.tests.AccountPageTest@1176dcec]" started-at="2023-07-29T13:31:16Z" name="setup" finished-at="2023-07-29T13:31:16Z" duration-ms="0" status="FAIL">
          <exception class="java.lang.NullPointerException">
            <message>
              <![CDATA[Cannot invoke "String.trim()" because the return value of "java.util.Properties.getProperty(String)" is null]]>
            </message>
            <full-stacktrace>
              <![CDATA[java.lang.NullPointerException: Cannot invoke "String.trim()" because the return value of "java.util.Properties.getProperty(String)" is null
	at com.norton.qa.factory.DriverFactory.initDriver(DriverFactory.java:30)
	at com.norton.qa.tests.BaseTest.setup(BaseTest.java:37)
	at java.base/jdk.internal.reflect.DirectMethodHandleAccessor.invoke(DirectMethodHandleAccessor.java:104)
	at java.base/java.lang.reflect.Method.invoke(Method.java:578)
	at org.testng.internal.MethodInvocationHelper.invokeMethod(MethodInvocationHelper.java:86)
	at org.testng.internal.Invoker.invokeConfigurationMethod(Invoker.java:514)
	at org.testng.internal.Invoker.invokeConfigurations(Invoker.java:215)
	at org.testng.internal.Invoker.invokeConfigurations(Invoker.java:142)
	at org.testng.TestRunner.beforeRun(TestRunner.java:656)
	at org.testng.TestRunner.run(TestRunner.java:624)
	at org.testng.SuiteRunner.runTest(SuiteRunner.java:366)
	at org.testng.SuiteRunner.runSequentially(SuiteRunner.java:361)
	at org.testng.SuiteRunner.privateRun(SuiteRunner.java:319)
	at org.testng.SuiteRunner.run(SuiteRunner.java:268)
	at org.testng.SuiteRunnerWorker.runSuite(SuiteRunnerWorker.java:52)
	at org.testng.SuiteRunnerWorker.run(SuiteRunnerWorker.java:86)
	at org.testng.TestNG.runSuitesSequentially(TestNG.java:1244)
	at org.testng.TestNG.runSuitesLocally(TestNG.java:1169)
	at org.testng.TestNG.run(TestNG.java:1064)
	at org.apache.maven.surefire.testng.TestNGExecutor.run(TestNGExecutor.java:135)
	at org.apache.maven.surefire.testng.TestNGDirectoryTestSuite.executeMulti(TestNGDirectoryTestSuite.java:193)
	at org.apache.maven.surefire.testng.TestNGDirectoryTestSuite.execute(TestNGDirectoryTestSuite.java:94)
	at org.apache.maven.surefire.testng.TestNGProvider.invoke(TestNGProvider.java:146)
	at org.apache.maven.surefire.booter.ForkedBooter.invokeProviderInSameClassLoader(ForkedBooter.java:384)
	at org.apache.maven.surefire.booter.ForkedBooter.runSuitesInProcess(ForkedBooter.java:345)
	at org.apache.maven.surefire.booter.ForkedBooter.execute(ForkedBooter.java:126)
	at org.apache.maven.surefire.booter.ForkedBooter.main(ForkedBooter.java:418)
]]>
            </full-stacktrace>
          </exception> <!-- java.lang.NullPointerException -->
          <reporter-output>
          </reporter-output>
        </test-method> <!-- setup -->
        <test-method is-config="true" signature="AccountPageSetup()[pri:0, instance:com.norton.qa.tests.AccountPageTest@1176dcec]" started-at="2023-07-29T13:31:16Z" name="AccountPageSetup" finished-at="2023-07-29T13:31:16Z" duration-ms="0" status="SKIP">
          <reporter-output>
          </reporter-output>
        </test-method> <!-- AccountPageSetup -->
        <test-method signature="AccountPageTitleTest()[pri:1, instance:com.norton.qa.tests.AccountPageTest@1176dcec]" started-at="2023-07-29T13:31:16Z" name="AccountPageTitleTest" finished-at="2023-07-29T13:31:16Z" duration-ms="1" status="SKIP">
          <reporter-output>
          </reporter-output>
        </test-method> <!-- AccountPageTitleTest -->
        <test-method signature="AccountPageHeaderTitleTest()[pri:2, instance:com.norton.qa.tests.AccountPageTest@1176dcec]" started-at="2023-07-29T13:31:16Z" name="AccountPageHeaderTitleTest" finished-at="2023-07-29T13:31:16Z" duration-ms="0" status="SKIP">
          <reporter-output>
          </reporter-output>
        </test-method> <!-- AccountPageHeaderTitleTest -->
        <test-method signature="isLogoutLinkExistTest()[pri:3, instance:com.norton.qa.tests.AccountPageTest@1176dcec]" started-at="2023-07-29T13:31:16Z" name="isLogoutLinkExistTest" finished-at="2023-07-29T13:31:16Z" duration-ms="0" status="SKIP">
          <reporter-output>
          </reporter-output>
        </test-method> <!-- isLogoutLinkExistTest -->
        <test-method signature="isManageSubscriptionLinkExisteTest()[pri:4, instance:com.norton.qa.tests.AccountPageTest@1176dcec]" started-at="2023-07-29T13:31:16Z" name="isManageSubscriptionLinkExisteTest" finished-at="2023-07-29T13:31:16Z" duration-ms="0" status="SKIP">
          <reporter-output>
          </reporter-output>
        </test-method> <!-- isManageSubscriptionLinkExisteTest -->
        <test-method signature="isViewAddressLinkExisteTest()[pri:5, instance:com.norton.qa.tests.AccountPageTest@1176dcec]" started-at="2023-07-29T13:31:16Z" name="isViewAddressLinkExisteTest" finished-at="2023-07-29T13:31:16Z" duration-ms="0" status="SKIP">
          <reporter-output>
          </reporter-output>
        </test-method> <!-- isViewAddressLinkExisteTest -->
        <test-method signature="issearchfieldExistTest()[pri:6, instance:com.norton.qa.tests.AccountPageTest@1176dcec]" started-at="2023-07-29T13:31:16Z" name="issearchfieldExistTest" finished-at="2023-07-29T13:31:16Z" duration-ms="1" status="SKIP">
          <reporter-output>
          </reporter-output>
        </test-method> <!-- issearchfieldExistTest -->
        <test-method signature="dosearchTest(java.lang.String)[pri:7, instance:com.norton.qa.tests.AccountPageTest@1176dcec]" started-at="2023-07-29T13:31:16Z" name="dosearchTest" data-provider="productData" finished-at="2023-07-29T13:31:16Z" duration-ms="0" status="SKIP">
          <params>
            <param index="0">
              <value>
                <![CDATA[laundry bags]]>
              </value>
            </param>
          </params>
          <reporter-output>
          </reporter-output>
        </test-method> <!-- dosearchTest -->
        <test-method is-config="true" signature="teardown()[pri:0, instance:com.norton.qa.tests.AccountPageTest@1176dcec]" started-at="2023-07-29T13:31:16Z" name="teardown" finished-at="2023-07-29T13:31:16Z" duration-ms="0" status="SKIP">
          <reporter-output>
          </reporter-output>
        </test-method> <!-- teardown -->
      </class> <!-- com.norton.qa.tests.AccountPageTest -->
      <class name="com.norton.qa.tests.RegistrationTest">
        <test-method signature="userRegistrationPageTest()[pri:0, instance:com.norton.qa.tests.RegistrationTest@4ba2ca36]" started-at="2023-07-29T13:31:16Z" name="userRegistrationPageTest" finished-at="2023-07-29T13:31:16Z" duration-ms="0" status="SKIP">
          <reporter-output>
          </reporter-output>
        </test-method> <!-- userRegistrationPageTest -->
        <test-method is-config="true" signature="setupRegistration()[pri:0, instance:com.norton.qa.tests.RegistrationTest@4ba2ca36]" started-at="2023-07-29T13:31:16Z" name="setupRegistration" finished-at="2023-07-29T13:31:16Z" duration-ms="0" status="SKIP">
          <reporter-output>
          </reporter-output>
        </test-method> <!-- setupRegistration -->
      </class> <!-- com.norton.qa.tests.RegistrationTest -->
    </test> <!-- Surefire test -->
  </suite> <!-- Surefire suite -->
</testng-results>
