<?xml version="1.0" encoding="UTF-8"?>
<testng-results ignored="0" total="12" passed="11" failed="1" skipped="0">
  <reporter-output>
  </reporter-output>
  <suite started-at="2023-07-30T11:05:25 EDT" name="Login and product search functionality  Test automtion regression suite" finished-at="2023-07-30T11:05:41 EDT" duration-ms="16446">
    <groups>
    </groups>
    <test started-at="2023-07-30T11:05:25 EDT" name="Accounts page Test" finished-at="2023-07-30T11:05:39 EDT" duration-ms="13955">
      <class name="com.norton.qa.tests.AccountPageTest">
        <test-method is-config="true" signature="setup()[pri:0, instance:com.norton.qa.tests.AccountPageTest@64df9a61]" started-at="2023-07-30T11:05:25 EDT" name="setup" finished-at="2023-07-30T11:05:32 EDT" duration-ms="7122" status="PASS">
          <reporter-output>
          </reporter-output>
        </test-method> <!-- setup -->
        <test-method is-config="true" signature="AccountPageSetup()[pri:0, instance:com.norton.qa.tests.AccountPageTest@64df9a61]" started-at="2023-07-30T11:05:32 EDT" name="AccountPageSetup" finished-at="2023-07-30T11:05:35 EDT" duration-ms="2813" status="PASS">
          <reporter-output>
          </reporter-output>
        </test-method> <!-- AccountPageSetup -->
        <test-method signature="AccountPageTitleTest()[pri:1, instance:com.norton.qa.tests.AccountPageTest@64df9a61]" started-at="2023-07-30T11:05:35 EDT" name="AccountPageTitleTest" finished-at="2023-07-30T11:05:35 EDT" duration-ms="373" status="PASS">
          <reporter-output>
          </reporter-output>
        </test-method> <!-- AccountPageTitleTest -->
        <test-method signature="AccountPageHeaderTitleTest()[pri:2, instance:com.norton.qa.tests.AccountPageTest@64df9a61]" started-at="2023-07-30T11:05:35 EDT" name="AccountPageHeaderTitleTest" finished-at="2023-07-30T11:05:35 EDT" duration-ms="66" status="PASS">
          <reporter-output>
          </reporter-output>
        </test-method> <!-- AccountPageHeaderTitleTest -->
        <test-method signature="isLogoutLinkExistTest()[pri:3, instance:com.norton.qa.tests.AccountPageTest@64df9a61]" started-at="2023-07-30T11:05:35 EDT" name="isLogoutLinkExistTest" finished-at="2023-07-30T11:05:35 EDT" duration-ms="159" status="PASS">
          <reporter-output>
          </reporter-output>
        </test-method> <!-- isLogoutLinkExistTest -->
        <test-method signature="isManageSubscriptionLinkExisteTest()[pri:4, instance:com.norton.qa.tests.AccountPageTest@64df9a61]" started-at="2023-07-30T11:05:36 EDT" name="isManageSubscriptionLinkExisteTest" finished-at="2023-07-30T11:05:36 EDT" duration-ms="108" status="PASS">
          <reporter-output>
          </reporter-output>
        </test-method> <!-- isManageSubscriptionLinkExisteTest -->
        <test-method signature="isViewAddressLinkExisteTest()[pri:5, instance:com.norton.qa.tests.AccountPageTest@64df9a61]" started-at="2023-07-30T11:05:36 EDT" name="isViewAddressLinkExisteTest" finished-at="2023-07-30T11:05:36 EDT" duration-ms="125" status="PASS">
          <reporter-output>
          </reporter-output>
        </test-method> <!-- isViewAddressLinkExisteTest -->
        <test-method signature="issearchfieldExistTest()[pri:6, instance:com.norton.qa.tests.AccountPageTest@64df9a61]" started-at="2023-07-30T11:05:36 EDT" name="issearchfieldExistTest" finished-at="2023-07-30T11:05:36 EDT" duration-ms="117" status="PASS">
          <reporter-output>
          </reporter-output>
        </test-method> <!-- issearchfieldExistTest -->
        <test-method signature="dosearchTest(java.lang.String)[pri:7, instance:com.norton.qa.tests.AccountPageTest@64df9a61]" started-at="2023-07-30T11:05:36 EDT" name="dosearchTest" data-provider="productData" finished-at="2023-07-30T11:05:38 EDT" duration-ms="2376" status="PASS">
          <params>
            <param index="0">
              <value>
                <![CDATA[laundry bags]]>
              </value>
            </param>
          </params>
          <reporter-output>
          </reporter-output>
        </test-method> <!-- dosearchTest -->
        <test-method is-config="true" signature="teardown()[pri:0, instance:com.norton.qa.tests.AccountPageTest@64df9a61]" started-at="2023-07-30T11:05:38 EDT" name="teardown" finished-at="2023-07-30T11:05:39 EDT" duration-ms="368" status="PASS">
          <reporter-output>
          </reporter-output>
        </test-method> <!-- teardown -->
      </class> <!-- com.norton.qa.tests.AccountPageTest -->
    </test> <!-- Accounts page Test -->
    <test started-at="2023-07-30T11:05:25 EDT" name="Login page Test" finished-at="2023-07-30T11:05:41 EDT" duration-ms="16446">
      <class name="com.norton.qa.tests.LoginPageTest">
        <test-method is-config="true" signature="setup()[pri:0, instance:com.norton.qa.tests.LoginPageTest@1bb1fde8]" started-at="2023-07-30T11:05:25 EDT" name="setup" finished-at="2023-07-30T11:05:32 EDT" duration-ms="7122" status="PASS">
          <reporter-output>
          </reporter-output>
        </test-method> <!-- setup -->
        <test-method signature="LoginPageTitleTest()[pri:1, instance:com.norton.qa.tests.LoginPageTest@1bb1fde8]" started-at="2023-07-30T11:05:32 EDT" name="LoginPageTitleTest" finished-at="2023-07-30T11:05:37 EDT" duration-ms="5447" status="FAIL">
          <exception class="org.openqa.selenium.TimeoutException">
            <message>
              <![CDATA[Expected condition failed: waiting for title to be "Account – Norton Supply123". Current title: "Account – Norton Supply" (tried for 5 second(s) with 500 milliseconds interval)
Build info: version: '4.9.1', revision: 'eb2032df7f'
System info: os.name: 'Windows 11', os.arch: 'amd64', os.version: '10.0', java.version: '17.0.7'
Driver info: org.openqa.selenium.chrome.ChromeDriver
Capabilities {acceptInsecureCerts: false, browserName: chrome, browserVersion: 115.0.5790.110, chrome: {chromedriverVersion: 114.0.5735.90 (386bc09e8f4f..., userDataDir: C:\Users\hardi\AppData\Loca...}, goog:chromeOptions: {debuggerAddress: localhost:52752}, networkConnectionEnabled: false, pageLoadStrategy: normal, platformName: windows, proxy: Proxy(), se:cdp: ws://localhost:52752/devtoo..., se:cdpVersion: 115.0.5790.110, setWindowRect: true, strictFileInteractability: false, timeouts: {implicit: 0, pageLoad: 300000, script: 30000}, unhandledPromptBehavior: dismiss and notify, webauthn:extension:credBlob: true, webauthn:extension:largeBlob: true, webauthn:extension:minPinLength: true, webauthn:extension:prf: true, webauthn:virtualAuthenticators: true}
Session ID: 031d0137f4f060a190e0c57d5d94a352]]>
            </message>
            <full-stacktrace>
              <![CDATA[org.openqa.selenium.TimeoutException: Expected condition failed: waiting for title to be "Account – Norton Supply123". Current title: "Account – Norton Supply" (tried for 5 second(s) with 500 milliseconds interval)
Build info: version: '4.9.1', revision: 'eb2032df7f'
System info: os.name: 'Windows 11', os.arch: 'amd64', os.version: '10.0', java.version: '17.0.7'
Driver info: org.openqa.selenium.chrome.ChromeDriver
Capabilities {acceptInsecureCerts: false, browserName: chrome, browserVersion: 115.0.5790.110, chrome: {chromedriverVersion: 114.0.5735.90 (386bc09e8f4f..., userDataDir: C:\Users\hardi\AppData\Loca...}, goog:chromeOptions: {debuggerAddress: localhost:52752}, networkConnectionEnabled: false, pageLoadStrategy: normal, platformName: windows, proxy: Proxy(), se:cdp: ws://localhost:52752/devtoo..., se:cdpVersion: 115.0.5790.110, setWindowRect: true, strictFileInteractability: false, timeouts: {implicit: 0, pageLoad: 300000, script: 30000}, unhandledPromptBehavior: dismiss and notify, webauthn:extension:credBlob: true, webauthn:extension:largeBlob: true, webauthn:extension:minPinLength: true, webauthn:extension:prf: true, webauthn:virtualAuthenticators: true}
Session ID: 031d0137f4f060a190e0c57d5d94a352
at org.openqa.selenium.support.ui.WebDriverWait.timeoutException(WebDriverWait.java:87)
at org.openqa.selenium.support.ui.FluentWait.until(FluentWait.java:231)
at com.norton.qa.utils.ElementUtil.waitForTitleToBe(ElementUtil.java:362)
at com.norton.qa.utils.ElementUtil.doGetTitle(ElementUtil.java:349)
at com.norton.qa.pages.LoginPage.getLoginPageTitle(LoginPage.java:35)
at com.norton.qa.tests.LoginPageTest.LoginPageTitleTest(LoginPageTest.java:13)
at java.base/jdk.internal.reflect.NativeMethodAccessorImpl.invoke0(Native Method)
at java.base/jdk.internal.reflect.NativeMethodAccessorImpl.invoke(NativeMethodAccessorImpl.java:77)
at java.base/jdk.internal.reflect.DelegatingMethodAccessorImpl.invoke(DelegatingMethodAccessorImpl.java:43)
at java.base/java.lang.reflect.Method.invoke(Method.java:568)
at org.testng.internal.invokers.MethodInvocationHelper.invokeMethod(MethodInvocationHelper.java:139)
at org.testng.internal.invokers.TestInvoker.invokeMethod(TestInvoker.java:664)
at org.testng.internal.invokers.TestInvoker.invokeTestMethod(TestInvoker.java:227)
at org.testng.internal.invokers.MethodRunner.runInSequence(MethodRunner.java:50)
at org.testng.internal.invokers.TestInvoker$MethodInvocationAgent.invoke(TestInvoker.java:957)
at org.testng.internal.invokers.TestInvoker.invokeTestMethods(TestInvoker.java:200)
at org.testng.internal.invokers.TestMethodWorker.invokeTestMethods(TestMethodWorker.java:148)
at org.testng.internal.invokers.TestMethodWorker.run(TestMethodWorker.java:128)
at java.base/java.util.ArrayList.forEach(ArrayList.java:1511)
at org.testng.TestRunner.privateRun(TestRunner.java:848)
at org.testng.TestRunner.run(TestRunner.java:621)
at org.testng.SuiteRunner.runTest(SuiteRunner.java:443)
at org.testng.SuiteRunner$SuiteWorker.run(SuiteRunner.java:481)
at org.testng.internal.thread.ThreadUtil.lambda$execute$0(ThreadUtil.java:58)
at java.base/java.util.concurrent.FutureTask.run(FutureTask.java:264)
at java.base/java.util.concurrent.ThreadPoolExecutor.runWorker(ThreadPoolExecutor.java:1136)
at java.base/java.util.concurrent.ThreadPoolExecutor$Worker.run(ThreadPoolExecutor.java:635)
at java.base/java.lang.Thread.run(Thread.java:833)
]]>
            </full-stacktrace>
          </exception> <!-- org.openqa.selenium.TimeoutException -->
          <reporter-output>
          </reporter-output>
        </test-method> <!-- LoginPageTitleTest -->
        <test-method signature="LoginPageUrlTest()[pri:2, instance:com.norton.qa.tests.LoginPageTest@1bb1fde8]" started-at="2023-07-30T11:05:38 EDT" name="LoginPageUrlTest" finished-at="2023-07-30T11:05:38 EDT" duration-ms="64" status="PASS">
          <reporter-output>
          </reporter-output>
        </test-method> <!-- LoginPageUrlTest -->
        <test-method signature="isForgotPwdLinkExistsTest()[pri:3, instance:com.norton.qa.tests.LoginPageTest@1bb1fde8]" started-at="2023-07-30T11:05:38 EDT" name="isForgotPwdLinkExistsTest" finished-at="2023-07-30T11:05:38 EDT" duration-ms="66" status="PASS">
          <reporter-output>
          </reporter-output>
        </test-method> <!-- isForgotPwdLinkExistsTest -->
        <test-method signature="isRegisterAccountLinkExistsTest()[pri:4, instance:com.norton.qa.tests.LoginPageTest@1bb1fde8]" started-at="2023-07-30T11:05:38 EDT" name="isRegisterAccountLinkExistsTest" finished-at="2023-07-30T11:05:38 EDT" duration-ms="57" status="PASS">
          <reporter-output>
          </reporter-output>
        </test-method> <!-- isRegisterAccountLinkExistsTest -->
        <test-method signature="doLoginTest()[pri:5, instance:com.norton.qa.tests.LoginPageTest@1bb1fde8]" started-at="2023-07-30T11:05:38 EDT" name="doLoginTest" finished-at="2023-07-30T11:05:41 EDT" duration-ms="2673" status="PASS">
          <reporter-output>
          </reporter-output>
        </test-method> <!-- doLoginTest -->
        <test-method is-config="true" signature="teardown()[pri:0, instance:com.norton.qa.tests.LoginPageTest@1bb1fde8]" started-at="2023-07-30T11:05:41 EDT" name="teardown" finished-at="2023-07-30T11:05:41 EDT" duration-ms="318" status="PASS">
          <reporter-output>
          </reporter-output>
        </test-method> <!-- teardown -->
      </class> <!-- com.norton.qa.tests.LoginPageTest -->
    </test> <!-- Login page Test -->
  </suite> <!-- Login and product search functionality  Test automtion regression suite -->
</testng-results>
